c:\users\אלמוג ברוסן\documents\visual studio 2015\projects\flexproject\flexproject\debug\vc140.pdb
c:\users\אלמוג ברוסן\documents\visual studio 2015\projects\flexproject\flexproject\debug\vc140.idb
c:\users\אלמוג ברוסן\documents\visual studio 2015\projects\flexproject\flexproject\debug\parser.obj
c:\users\אלמוג ברוסן\documents\visual studio 2015\projects\flexproject\flexproject\debug\token.obj
c:\users\אלמוג ברוסן\documents\visual studio 2015\projects\flexproject\flexproject\debug\win.lex.yy.obj
c:\users\אלמוג ברוסן\documents\visual studio 2015\projects\flexproject\flexproject\debug\symboltable.obj
c:\users\אלמוג ברוסן\documents\visual studio 2015\projects\flexproject\debug\flexproject.ilk
c:\users\אלמוג ברוסן\documents\visual studio 2015\projects\flexproject\debug\flexproject.exe
c:\users\אלמוג ברוסן\documents\visual studio 2015\projects\flexproject\debug\flexproject.pdb
c:\users\אלמוג ברוסן\documents\visual studio 2015\projects\flexproject\flexproject\debug\parser.obj.enc
c:\users\אלמוג ברוסן\documents\visual studio 2015\projects\flexproject\flexproject\debug\flexproject.tlog\cl.command.1.tlog
c:\users\אלמוג ברוסן\documents\visual studio 2015\projects\flexproject\flexproject\debug\flexproject.tlog\cl.read.1.tlog
c:\users\אלמוג ברוסן\documents\visual studio 2015\projects\flexproject\flexproject\debug\flexproject.tlog\cl.write.1.tlog
c:\users\אלמוג ברוסן\documents\visual studio 2015\projects\flexproject\flexproject\debug\flexproject.tlog\link-cvtres.read.1.tlog
c:\users\אלמוג ברוסן\documents\visual studio 2015\projects\flexproject\flexproject\debug\flexproject.tlog\link-cvtres.write.1.tlog
c:\users\אלמוג ברוסן\documents\visual studio 2015\projects\flexproject\flexproject\debug\flexproject.tlog\link-rc.read.1.tlog
c:\users\אלמוג ברוסן\documents\visual studio 2015\projects\flexproject\flexproject\debug\flexproject.tlog\link-rc.write.1.tlog
c:\users\אלמוג ברוסן\documents\visual studio 2015\projects\flexproject\flexproject\debug\flexproject.tlog\link.2180-cvtres.read.1.tlog
c:\users\אלמוג ברוסן\documents\visual studio 2015\projects\flexproject\flexproject\debug\flexproject.tlog\link.2180-cvtres.write.1.tlog
c:\users\אלמוג ברוסן\documents\visual studio 2015\projects\flexproject\flexproject\debug\flexproject.tlog\link.2180-rc.read.1.tlog
c:\users\אלמוג ברוסן\documents\visual studio 2015\projects\flexproject\flexproject\debug\flexproject.tlog\link.2180-rc.write.1.tlog
c:\users\אלמוג ברוסן\documents\visual studio 2015\projects\flexproject\flexproject\debug\flexproject.tlog\link.2180.read.1.tlog
c:\users\אלמוג ברוסן\documents\visual studio 2015\projects\flexproject\flexproject\debug\flexproject.tlog\link.2180.write.1.tlog
c:\users\אלמוג ברוסן\documents\visual studio 2015\projects\flexproject\flexproject\debug\flexproject.tlog\link.command.1.tlog
c:\users\אלמוג ברוסן\documents\visual studio 2015\projects\flexproject\flexproject\debug\flexproject.tlog\link.read.1.tlog
c:\users\אלמוג ברוסן\documents\visual studio 2015\projects\flexproject\flexproject\debug\flexproject.tlog\link.write.1.tlog
